This is pdfTeX, Version 3.141592-1.40.7 (MiKTeX 2.7) (preloaded format=pdflatex 2008.7.29)  24 SEP 2008 11:30
entering extended mode
**C:/_Stage_VV/Sofa-dev/trunk/Sofa/tools/Blender/Docs*Blender/Imports-exports*S
ofa/main.tex

("C:/_Stage_VV/Sofa-dev/trunk/Sofa/tools/Blender/Docs Blender/Imports-exports S
ofa/main.tex"
LaTeX2e <2005/12/01>
Babel <v3.8h> and hyphenation patterns for english, dumylang, nohyphenation, ge
rman, ngerman, french, loaded.
("C:\Program Files\MiKTeX 2.7\tex\latex\base\article.cls"
Document Class: article 2005/09/16 v1.4f Standard LaTeX document class
("C:\Program Files\MiKTeX 2.7\tex\latex\base\size11.clo"
File: size11.clo 2005/09/16 v1.4f Standard LaTeX file (size option)
)
\c@part=\count79
\c@section=\count80
\c@subsection=\count81
\c@subsubsection=\count82
\c@paragraph=\count83
\c@subparagraph=\count84
\c@figure=\count85
\c@table=\count86
\abovecaptionskip=\skip41
\belowcaptionskip=\skip42
\bibindent=\dimen102
)
("C:\Program Files\MiKTeX 2.7\tex\latex\base\inputenc.sty"
Package: inputenc 2006/05/05 v1.1b Input encoding file
\inpenc@prehook=\toks14
\inpenc@posthook=\toks15

("C:\Program Files\MiKTeX 2.7\tex\latex\base\latin1.def"
File: latin1.def 2006/05/05 v1.1b Input encoding file
))
("C:\Program Files\MiKTeX 2.7\tex\generic\babel\babel.sty"
Package: babel 2005/11/23 v3.8h The Babel package

*************************************
* Local config file bblopts.cfg used
*
("C:\Program Files\MiKTeX 2.7\tex\latex\00miktex\bblopts.cfg"
File: bblopts.cfg 2006/07/31 v1.0 MiKTeX 'babel' configuration
)
("C:\Program Files\MiKTeX 2.7\tex\generic\babel\frenchb.ldf"
Language: french 2005/02/06 v1.6g French support from the babel system

("C:\Program Files\MiKTeX 2.7\tex\generic\babel\babel.def"
File: babel.def 2005/11/23 v3.8h Babel common definitions
\babel@savecnt=\count87
\U@D=\dimen103
)
Package babel Info: Making : an active character on input line 219.
Package babel Info: Making ; an active character on input line 220.
Package babel Info: Making ! an active character on input line 221.
Package babel Info: Making ? an active character on input line 222.
LaTeX Font Info:    Redeclaring font encoding T1 on input line 299.
\parindentFFN=\dimen104
\std@mcc=\count88
\dec@mcc=\count89

*************************************
* Local config file frenchb.cfg used
*
("C:\Program Files\MiKTeX 2.7\tex\generic\babel\frenchb.cfg")))
("C:\Program Files\MiKTeX 2.7\tex\latex\tools\longtable.sty"
Package: longtable 2004/02/01 v4.11 Multi-page Table package (DPC)
\LTleft=\skip43
\LTright=\skip44
\LTpre=\skip45
\LTpost=\skip46
\LTchunksize=\count90
\LTcapwidth=\dimen105
\LT@head=\box26
\LT@firsthead=\box27
\LT@foot=\box28
\LT@lastfoot=\box29
\LT@cols=\count91
\LT@rows=\count92
\c@LT@tables=\count93
\c@LT@chunks=\count94
\LT@p@ftn=\toks16
)
("C:\Program Files\MiKTeX 2.7\tex\latex\eurosym\eurosym.sty"
Package: eurosym 1998/08/06 v1.1 European currency symbol ``Euro''
\@eurobox=\box30
)
("C:\Program Files\MiKTeX 2.7\tex\latex\amsmath\amsmath.sty"
Package: amsmath 2000/07/18 v2.13 AMS math features
\@mathmargin=\skip47

For additional information on amsmath, use the `?' option.
("C:\Program Files\MiKTeX 2.7\tex\latex\amsmath\amstext.sty"
Package: amstext 2000/06/29 v2.01

("C:\Program Files\MiKTeX 2.7\tex\latex\amsmath\amsgen.sty"
File: amsgen.sty 1999/11/30 v2.0
\@emptytoks=\toks17
\ex@=\dimen106
))
("C:\Program Files\MiKTeX 2.7\tex\latex\amsmath\amsbsy.sty"
Package: amsbsy 1999/11/29 v1.2d
\pmbraise@=\dimen107
)
("C:\Program Files\MiKTeX 2.7\tex\latex\amsmath\amsopn.sty"
Package: amsopn 1999/12/14 v2.01 operator names
)
\inf@bad=\count95
LaTeX Info: Redefining \frac on input line 211.
\uproot@=\count96
\leftroot@=\count97
LaTeX Info: Redefining \overline on input line 307.
\classnum@=\count98
\DOTSCASE@=\count99
LaTeX Info: Redefining \ldots on input line 379.
LaTeX Info: Redefining \dots on input line 382.
LaTeX Info: Redefining \cdots on input line 467.
\Mathstrutbox@=\box31
\strutbox@=\box32
\big@size=\dimen108
LaTeX Font Info:    Redeclaring font encoding OML on input line 567.
LaTeX Font Info:    Redeclaring font encoding OMS on input line 568.
\macc@depth=\count100
\c@MaxMatrixCols=\count101
\dotsspace@=\muskip10
\c@parentequation=\count102
\dspbrk@lvl=\count103
\tag@help=\toks18
\row@=\count104
\column@=\count105
\maxfields@=\count106
\andhelp@=\toks19
\eqnshift@=\dimen109
\alignsep@=\dimen110
\tagshift@=\dimen111
\tagwidth@=\dimen112
\totwidth@=\dimen113
\lineht@=\dimen114
\@envbody=\toks20
\multlinegap=\skip48
\multlinetaggap=\skip49
\mathdisplay@stack=\toks21
LaTeX Info: Redefining \[ on input line 2666.
LaTeX Info: Redefining \] on input line 2667.
)
("C:\Program Files\MiKTeX 2.7\tex\latex\amsfonts\amsfonts.sty"
Package: amsfonts 2001/10/25 v2.2f
\symAMSa=\mathgroup4
\symAMSb=\mathgroup5
LaTeX Font Info:    Overwriting math alphabet `\mathfrak' in version `bold'
(Font)                  U/euf/m/n --> U/euf/b/n on input line 132.
)
("C:\Program Files\MiKTeX 2.7\tex\latex\amsfonts\amssymb.sty"
Package: amssymb 2002/01/22 v2.2d
)
("C:\Program Files\MiKTeX 2.7\tex\latex\base\makeidx.sty"
Package: makeidx 2000/03/29 v1.0m Standard LaTeX package
)
("C:\Program Files\MiKTeX 2.7\tex\latex\tocbibind\tocbibind.sty"
Package: tocbibind 2003/03/13 v1.5g extra ToC listings


Package tocbibind Note: The document has section divisions.


Package tocbibind Note: Using section or other style headings.

)
\@indexfile=\write3

Writing index file main.idx
("C:\Program Files\MiKTeX 2.7\tex\latex\geometry\geometry.sty"
Package: geometry 2002/07/08 v3.2 Page Geometry

("C:\Program Files\MiKTeX 2.7\tex\latex\graphics\keyval.sty"
Package: keyval 1999/03/16 v1.13 key=value parser (DPC)
\KV@toks@=\toks22
)
\Gm@cnth=\count107
\Gm@cntv=\count108
\c@Gm@tempcnt=\count109
\Gm@bindingoffset=\dimen115
\Gm@wd@mp=\dimen116
\Gm@odd@mp=\dimen117
\Gm@even@mp=\dimen118
\Gm@dimlist=\toks23

("C:\Program Files\MiKTeX 2.7\tex\latex\geometry\geometry.cfg"))
("C:\Program Files\MiKTeX 2.7\tex\latex\psnfss\helvet.sty"
Package: helvet 2005/04/12 PSNFSS-v9.2a (WaS) 
)
("C:\Program Files\MiKTeX 2.7\tex\latex\fancyhdr\fancyhdr.sty"
\fancy@headwidth=\skip50
\f@ncyO@elh=\skip51
\f@ncyO@erh=\skip52
\f@ncyO@olh=\skip53
\f@ncyO@orh=\skip54
\f@ncyO@elf=\skip55
\f@ncyO@erf=\skip56
\f@ncyO@olf=\skip57
\f@ncyO@orf=\skip58
)
("C:\Program Files\MiKTeX 2.7\tex\latex\lastpage\lastpage.sty"
Package: lastpage 1994/06/25 v0.1b LaTeX2e package for refs to last page number
 (JPG)
)
("C:\Program Files\MiKTeX 2.7\tex\latex\tools\multicol.sty"
Package: multicol 2006/05/18 v1.6g multicolumn formatting (FMi)
\c@tracingmulticols=\count110
\mult@box=\box33
\multicol@leftmargin=\dimen119
\c@unbalance=\count111
\c@collectmore=\count112
\doublecol@number=\count113
\multicoltolerance=\count114
\multicolpretolerance=\count115
\full@width=\dimen120
\page@free=\dimen121
\premulticols=\dimen122
\postmulticols=\dimen123
\multicolsep=\skip59
\multicolbaselineskip=\skip60
\partial@page=\box34
\last@line=\box35
\mult@rightbox=\box36
\mult@grightbox=\box37
\mult@gfirstbox=\box38
\mult@firstbox=\box39
\@tempa=\box40
\@tempa=\box41
\@tempa=\box42
\@tempa=\box43
\@tempa=\box44
\@tempa=\box45
\@tempa=\box46
\@tempa=\box47
\@tempa=\box48
\@tempa=\box49
\@tempa=\box50
\@tempa=\box51
\@tempa=\box52
\@tempa=\box53
\@tempa=\box54
\@tempa=\box55
\@tempa=\box56
\c@columnbadness=\count116
\c@finalcolumnbadness=\count117
\last@try=\dimen124
\multicolovershoot=\dimen125
\multicolundershoot=\dimen126
\mult@nat@firstbox=\box57
\colbreak@box=\box58
)
("C:\Program Files\MiKTeX 2.7\tex\latex\ltxmisc\ulem.sty"
\UL@box=\box59
\UL@hyphenbox=\box60
\UL@skip=\skip61
\UL@hook=\toks24
\UL@pe=\count118
\UL@pixel=\dimen127
\ULC@box=\box61
Package: ulem 2000/05/26
\ULdepth=\dimen128
)
("C:\Program Files\MiKTeX 2.7\tex\latex\hyperref\hyperref.sty"
Package: hyperref 2008/01/09 v6.77i Hypertext links for LaTeX

("C:\Program Files\MiKTeX 2.7\tex\latex\oberdiek\hycolor.sty"
Package: hycolor 2007/04/11 v1.1 Code for color options of hyperref/bookmark (H
O)
)
\@linkdim=\dimen129
\Hy@linkcounter=\count119
\Hy@pagecounter=\count120

("C:\Program Files\MiKTeX 2.7\tex\latex\confproc\pd1enc.def"
File: pd1enc.def 1999/03/30 v0.3 PDFDocEncoding (Heiko Oberdiek)
)
("C:\Program Files\MiKTeX 2.7\tex\generic\oberdiek\etexcmds.sty"
Package: etexcmds 2007/12/12 v1.2 Prefix for e-TeX command names (HO)

("C:\Program Files\MiKTeX 2.7\tex\generic\oberdiek\infwarerr.sty"
Package: infwarerr 2007/09/09 v1.2 Providing info/warning/message (HO)
)
Package etexcmds Info: Could not find \expanded.
(etexcmds)             That can mean that you are not using pdfTeX 1.50 or
(etexcmds)             that some package has redefined \expanded.
(etexcmds)             In the latter case, load this package earlier.
)
("C:\Program Files\MiKTeX 2.7\tex\latex\00miktex\hyperref.cfg"
File: hyperref.cfg 2002/06/06 v1.2 hyperref configuration of TeXLive
)
("C:\Program Files\MiKTeX 2.7\tex\latex\oberdiek\kvoptions.sty"
Package: kvoptions 2007/10/18 v3.0 Keyval support for LaTeX options (HO)
)
Package hyperref Info: Option `colorlinks' set `true' on input line 2686.
Package hyperref Info: Hyper figures OFF on input line 2722.
Package hyperref Info: Link nesting OFF on input line 2727.
Package hyperref Info: Hyper index ON on input line 2730.
Package hyperref Info: Plain pages OFF on input line 2737.
Package hyperref Info: Backreferencing OFF on input line 2742.

Implicit mode ON; LaTeX internals redefined
Package hyperref Info: Bookmarks ON on input line 2898.
("C:\Program Files\MiKTeX 2.7\tex\latex\ltxmisc\url.sty"
\Urlmuskip=\muskip11
Package: url 2006/04/12  ver 3.3  Verb mode for urls, etc.
)
LaTeX Info: Redefining \url on input line 3068.

("C:\Program Files\MiKTeX 2.7\tex\generic\oberdiek\bitset.sty"
Package: bitset 2007/09/28 v1.0 Data type bit set (HO)

("C:\Program Files\MiKTeX 2.7\tex\generic\oberdiek\intcalc.sty"
Package: intcalc 2007/09/27 v1.1 Expandable integer calculations (HO)
)
("C:\Program Files\MiKTeX 2.7\tex\generic\oberdiek\bigintcalc.sty"
Package: bigintcalc 2007/11/11 v1.1 Expandable big integer calculations (HO)

("C:\Program Files\MiKTeX 2.7\tex\generic\oberdiek\pdftexcmds.sty"
Package: pdftexcmds 2007/12/12 v0.3 LuaTeX support for pdfTeX utility functions
 (HO)
Package pdftexcmds Info: LuaTeX not detected on input line 139.
)))
("C:\Program Files\MiKTeX 2.7\tex\generic\oberdiek\kvsetkeys.sty"
Package: kvsetkeys 2007/09/29 v1.3 Key value parser with default handler suppor
t (HO)
)
\Fld@menulength=\count121
\Field@Width=\dimen130
\Fld@charsize=\dimen131
\Field@toks=\toks25
Package hyperref Info: Hyper figures OFF on input line 3949.
Package hyperref Info: Link nesting OFF on input line 3954.
Package hyperref Info: Hyper index ON on input line 3957.
Package hyperref Info: backreferencing OFF on input line 3964.
Package hyperref Info: Link coloring ON on input line 3967.

("C:\Program Files\MiKTeX 2.7\tex\generic\oberdiek\atbegshi.sty"
Package: atbegshi 2007/09/09 v1.6 At begin shipout hook (HO)

("C:\Program Files\MiKTeX 2.7\tex\generic\oberdiek\ifpdf.sty"
Package: ifpdf 2007/12/12 v1.6 Provides the ifpdf switch (HO)
Package ifpdf Info: pdfTeX in pdf mode detected.
))
\Hy@abspage=\count122
\c@Item=\count123
\c@Hfootnote=\count124
)
*hyperref using default driver hpdftex*
("C:\Program Files\MiKTeX 2.7\tex\latex\hyperref\hpdftex.def"
File: hpdftex.def 2008/01/09 v6.77i Hyperref driver for pdfTeX
\Fld@listcount=\count125
)
("C:\Program Files\MiKTeX 2.7\tex\latex\graphics\graphicx.sty"
Package: graphicx 1999/02/16 v1.0f Enhanced LaTeX Graphics (DPC,SPQR)

("C:\Program Files\MiKTeX 2.7\tex\latex\graphics\graphics.sty"
Package: graphics 2006/02/20 v1.0o Standard LaTeX Graphics (DPC,SPQR)

("C:\Program Files\MiKTeX 2.7\tex\latex\graphics\trig.sty"
Package: trig 1999/03/16 v1.09 sin cos tan (DPC)
)
("C:\Program Files\MiKTeX 2.7\tex\latex\00miktex\graphics.cfg"
File: graphics.cfg 2007/01/18 v1.5 graphics configuration of teTeX/TeXLive
)
Package graphics Info: Driver file: pdftex.def on input line 90.

("C:\Program Files\MiKTeX 2.7\tex\latex\graphics\pdftex.def"
File: pdftex.def 2007/06/12 v0.04h Graphics/color for pdfTeX
\Gread@gobject=\count126
))
\Gin@req@height=\dimen132
\Gin@req@width=\dimen133
)
("C:\Program Files\MiKTeX 2.7\tex\latex\pstricks\pstricks.sty"
Package: pstricks 2008/01/24 v0.37 LaTeX wrapper for `PSTricks' (RN,HV)

("C:\Program Files\MiKTeX 2.7\tex\generic\pstricks\pstricks.tex"
`PSTricks' v1.20  <2008/01/01> (tvz)
\pst@dima=\dimen134
\pst@dimb=\dimen135
\pst@dimc=\dimen136
\pst@dimd=\dimen137
\pst@dimg=\dimen138
\pst@dimh=\dimen139
\pst@hbox=\box62
\pst@boxg=\box63
\pst@cnta=\count127
\pst@cntb=\count128
\pst@cntc=\count129
\pst@cntd=\count130
\pst@cntg=\count131
\pst@cnth=\count132
\pst@toks=\toks26
("C:\Program Files\MiKTeX 2.7\tex\generic\pstricks\pstricks.con")
\psunit=\dimen140
\psxunit=\dimen141
\psyunit=\dimen142
\pslinewidth=\dimen143
\pst@customdefs=\toks27
\pslinearc=\dimen144
\everypsbox=\toks28
\psframesep=\dimen145
\pslabelsep=\dimen146
\pst@shift=\dimen147
\pst@shift=\dimen148
\theoverlaybox=\box64
)
File: pstricks.tex 2008/01/01 v1.20 `PSTricks' (tvz)

("C:\Program Files\MiKTeX 2.7\tex\latex\xcolor\xcolor.sty"
Package: xcolor 2007/01/21 v2.11 LaTeX color extensions (UK)

("C:\Program Files\MiKTeX 2.7\tex\latex\00miktex\color.cfg"
File: color.cfg 2007/01/18 v1.5 color configuration of teTeX/TeXLive
)
Package xcolor Info: Package option `override' ignored on input line 216.
Package xcolor Info: Driver file: pdftex.def on input line 225.
Package xcolor Info: Model `cmy' substituted by `cmy0' on input line 1337.
Package xcolor Info: Model `hsb' substituted by `rgb' on input line 1341.
Package xcolor Info: Model `RGB' extended on input line 1353.
Package xcolor Info: Model `HTML' substituted by `rgb' on input line 1355.
Package xcolor Info: Model `Hsb' substituted by `hsb' on input line 1356.
Package xcolor Info: Model `tHsb' substituted by `hsb' on input line 1357.
Package xcolor Info: Model `HSB' substituted by `hsb' on input line 1358.
Package xcolor Info: Model `Gray' substituted by `gray' on input line 1359.
Package xcolor Info: Model `wave' substituted by `hsb' on input line 1360.
))
("C:\Program Files\MiKTeX 2.7\tex\latex\picins\picins.sty"
Option `picins' Version 3.0 Sep. 1992, TH Darmstadt/HRZ
\@BILD=\box65
\@TEXT=\box66
\d@breite=\dimen149
\d@hoehe=\dimen150
\d@xoff=\dimen151
\d@yoff=\dimen152
\d@shad=\dimen153
\d@dash=\dimen154
\d@boxl=\dimen155
\d@pichskip=\dimen156
\d@tmp=\dimen157
\d@tmpa=\dimen158
\d@bskip=\dimen159
\hsiz@=\dimen160
\p@getot@l=\dimen161
\c@breite=\count133
\c@hoehe=\count134
\c@xoff=\count135
\c@yoff=\count136
\c@pos=\count137
\c@shad=\count138
\c@dash=\count139
\c@boxl=\count140
\c@zeilen=\count141
\@changemode=\count142
\c@piccaption=\count143
\c@piccaptionpos=\count144
\c@picpos=\count145
\c@whole=\count146
\c@half=\count147
\c@tmp=\count148
\c@tmpa=\count149
\c@tmpb=\count150
\c@tmpc=\count151
\c@tmpd=\count152
\d@leftskip=\skip62
\ptoti=\dimen162
\ptotii=\dimen163
\env@box=\box67
\d@envdp=\dimen164
\c@hsize=\count153
\c@envdp=\count154
\d@envb=\dimen165
)
("C:\Program Files\MiKTeX 2.7\tex\latex\listings\listings.sty"
\lst@mode=\count155
\lst@gtempboxa=\box68
\lst@token=\toks29
\lst@length=\count156
\lst@currlwidth=\dimen166
\lst@column=\count157
\lst@pos=\count158
\lst@lostspace=\dimen167
\lst@width=\dimen168
\lst@newlines=\count159
\lst@lineno=\count160
\lst@maxwidth=\dimen169

("C:\Program Files\MiKTeX 2.7\tex\latex\listings\lstmisc.sty"
File: lstmisc.sty 2007/02/22 1.4 (Carsten Heinz)
\c@lstnumber=\count161
\lst@skipnumbers=\count162
\lst@framebox=\box69
)
("C:\Program Files\MiKTeX 2.7\tex\latex\listings\listings.cfg"
File: listings.cfg 2007/02/22 1.4 listings configuration
))
Package: listings 2007/02/22 1.4 (Carsten Heinz)
 (main.aux)
LaTeX Font Info:    Checking defaults for OML/cmm/m/it on input line 96.
LaTeX Font Info:    ... okay on input line 96.
LaTeX Font Info:    Checking defaults for T1/lmr/m/n on input line 96.
LaTeX Font Info:    Try loading font information for T1+lmr on input line 96.

("C:\Program Files\MiKTeX 2.7\tex\latex\lm\t1lmr.fd"
File: t1lmr.fd 2007/01/14 v1.3 Font defs for Latin Modern
)
LaTeX Font Info:    ... okay on input line 96.
LaTeX Font Info:    Checking defaults for OT1/cmr/m/n on input line 96.
LaTeX Font Info:    ... okay on input line 96.
LaTeX Font Info:    Checking defaults for OMS/cmsy/m/n on input line 96.
LaTeX Font Info:    ... okay on input line 96.
LaTeX Font Info:    Checking defaults for OMX/cmex/m/n on input line 96.
LaTeX Font Info:    ... okay on input line 96.
LaTeX Font Info:    Checking defaults for U/cmr/m/n on input line 96.
LaTeX Font Info:    ... okay on input line 96.
LaTeX Font Info:    Checking defaults for PD1/pdf/m/n on input line 96.
LaTeX Font Info:    ... okay on input line 96.
LaTeX Font Info:    Try loading font information for OT1+phv on input line 96.

("C:\Program Files\MiKTeX 2.7\tex\latex\psnfss\ot1phv.fd"
File: ot1phv.fd 2001/06/04 scalable font definitions for OT1/phv.
)
LaTeX Info: Redefining \dots on input line 96.
-------------------- Geometry parameters
paper: a4paper
landscape: --
twocolumn: --
twoside: --
asymmetric: --
h-parts: 56.9055pt, 497.92325pt, 42.67912pt
v-parts: 42.67912pt, 759.6886pt, 42.67912pt
hmarginratio: --
vmarginratio: --
lines: --
heightrounded: --
bindingoffset: 0.0pt
truedimen: --
includehead: --
includefoot: --
includemp: --
driver: pdftex
-------------------- Page layout dimensions and switches
\paperwidth  597.50787pt
\paperheight 845.04684pt
\textwidth  497.92325pt
\textheight 759.6886pt
\oddsidemargin  -15.36449pt
\evensidemargin -15.36449pt
\topmargin  -88.73409pt
\headheight 34.14322pt
\headsep    25.0pt
\footskip   30.0pt
\marginparwidth 50.0pt
\marginparsep   10.0pt
\columnsep  30.0pt
\skip\footins  10.0pt plus 4.0pt minus 2.0pt
\hoffset 0.0pt
\voffset 0.0pt
\mag 1000

(1in=72.27pt, 1cm=28.45pt)
-----------------------
Package hyperref Info: Link coloring ON on input line 96.

("C:\Program Files\MiKTeX 2.7\tex\latex\hyperref\nameref.sty"
Package: nameref 2007/05/29 v2.31 Cross-referencing by name of section

("C:\Program Files\MiKTeX 2.7\tex\latex\oberdiek\refcount.sty"
Package: refcount 2006/02/20 v3.0 Data extraction from references (HO)
)
\c@section@level=\count163
)
LaTeX Info: Redefining \ref on input line 96.
LaTeX Info: Redefining \pageref on input line 96.
 (main.out)
(main.out)
\@outlinefile=\write4
\AtBeginShipoutBox=\box70
 ("C:\Program Files\MiKTeX 2.7\tex\context\base\supp-pdf.tex"
[Loading MPS to PDF converter (version 2006.09.02).]
\scratchcounter=\count164
\scratchdimen=\dimen170
\scratchbox=\box71
\nofMPsegments=\count165
\nofMParguments=\count166
\everyMPshowfont=\toks30
\MPscratchCnt=\count167
\MPscratchDim=\dimen171
\MPnumerator=\count168
\everyMPtoPDFconversion=\toks31
)
\c@lstlisting=\count169
LaTeX Font Info:    Try loading font information for U+msa on input line 107.
 ("C:\Program Files\MiKTeX 2.7\tex\latex\amsfonts\umsa.fd"
File: umsa.fd 2002/01/19 v2.2g AMS font definitions
)
LaTeX Font Info:    Try loading font information for U+msb on input line 107.

("C:\Program Files\MiKTeX 2.7\tex\latex\amsfonts\umsb.fd"
File: umsb.fd 2002/01/19 v2.2g AMS font definitions
)
LaTeX Font Info:    Font shape `OT1/phv/bx/n' in size <14.4> not available
(Font)              Font shape `OT1/phv/b/n' tried instead on input line 108.
 (main.toc
LaTeX Font Info:    Font shape `OT1/phv/bx/n' in size <10.95> not available
(Font)              Font shape `OT1/phv/b/n' tried instead on input line 2.
)
\tf@toc=\write5

("C:\Program Files\MiKTeX 2.7\tex\latex\listings\lstlang1.sty"
File: lstlang1.sty 2004/09/05 1.3 listings language file
)
("C:\Program Files\MiKTeX 2.7\tex\latex\listings\lstlang1.sty"
File: lstlang1.sty 2004/09/05 1.3 listings language file
)
("C:\Program Files\MiKTeX 2.7\tex\latex\listings\lstmisc.sty"
File: lstmisc.sty 2007/02/22 1.4 (Carsten Heinz)
) [1
Non-PDF special ignored!
Non-PDF special ignored!
Non-PDF special ignored!

{C:/Documents and Settings/All Users/Application Data/MiKTeX/2.7/pdftex/config/
pdftex.map}]
("C:\Program Files\MiKTeX 2.7\tex\latex\listings\lstlang1.sty"
File: lstlang1.sty 2004/09/05 1.3 listings language file
)
("C:\Program Files\MiKTeX 2.7\tex\latex\listings\lstmisc.sty"
File: lstmisc.sty 2007/02/22 1.4 (Carsten Heinz)
)
Package hyperref Info: bookmark level for unknown lstlisting defaults to 0 on i
nput line 166.
LaTeX Font Info:    Try loading font information for OML+phv on input line 167.


("C:\Program Files\MiKTeX 2.7\tex\latex\psnfss\omlphv.fd"
File: omlphv.fd 
)
LaTeX Font Info:    Font shape `OML/phv/m/n' in size <10> not available
(Font)              Font shape `OML/cmm/m/it' tried instead on input line 167.
 [2]
<Blender_overview/Overview.png, id=98, 3111.625pt x 2007.5pt>
File: Blender_overview/Overview.png Graphic file (type png)

<use Blender_overview/Overview.png>
LaTeX Font Info:    Font shape `OT1/phv/bx/n' in size <12> not available
(Font)              Font shape `OT1/phv/b/n' tried instead on input line 188.

<Blender_editeur_de_scenes/blender_import_scene_SOFA_01.png, id=104, 759.83875p
t x 589.20125pt>
File: Blender_editeur_de_scenes/blender_import_scene_SOFA_01.png Graphic file (
type png)

<use Blender_editeur_de_scenes/blender_import_scene_SOFA_01.png>
<Blender_editeur_de_scenes/blender_import_scene_SOFA_02.png, id=105, 759.83875p
t x 589.20125pt>
File: Blender_editeur_de_scenes/blender_import_scene_SOFA_02.png Graphic file (
type png)

<use Blender_editeur_de_scenes/blender_import_scene_SOFA_02.png> [3 <Blender_ov
erview/Overview.png>]
<Blender_editeur_de_scenes/blender_import_scene_SOFA_03.png, id=120, 785.93625p
t x 589.20125pt>
File: Blender_editeur_de_scenes/blender_import_scene_SOFA_03.png Graphic file (
type png)

<use Blender_editeur_de_scenes/blender_import_scene_SOFA_03.png>
<Blender_editeur_de_scenes/blender_import_scene_SOFA_04.png, id=121, 786.94pt x
 730.73pt>
File: Blender_editeur_de_scenes/blender_import_scene_SOFA_04.png Graphic file (
type png)
 <use Blender_editeur_de_scenes/blender_import_scene_SOFA_04.png>
<Blender_tutoriels/blender_nom_objet.jpg, id=123, 405.515pt x 594.22pt>
File: Blender_tutoriels/blender_nom_objet.jpg Graphic file (type jpg)

<use Blender_tutoriels/blender_nom_objet.jpg> [4 <Blender_editeur_de_scenes/ble
nder_import_scene_SOFA_01.png (PNG copy)> <Blender_editeur_de_scenes/blender_im
port_scene_SOFA_02.png (PNG copy)> <Blender_editeur_de_scenes/blender_import_sc
ene_SOFA_03.png (PNG copy)> <Blender_editeur_de_scenes/blender_import_scene_SOF
A_04.png (PNG copy)> <Blender_tutoriels/blender_nom_objet.jpg>] [5]
<Blender_editeur_de_scenes/blender_export_scene_SOFA_01.png, id=142, 1284.8pt x
 1027.84pt>
File: Blender_editeur_de_scenes/blender_export_scene_SOFA_01.png Graphic file (
type png)
 <use Blender_editeur_de_scenes/blender_export_scene_SOFA_01.png>
<Blender_editeur_de_scenes/blender_export_scene_SOFA_02.png, id=143, 1284.8pt x
 1027.84pt>
File: Blender_editeur_de_scenes/blender_export_scene_SOFA_02.png Graphic file (
type png)
 <use Blender_editeur_de_scenes/blender_export_scene_SOFA_02.png>
<Blender_editeur_de_scenes/blender_export_scene_SOFA_03.png, id=144, 1284.8pt x
 1027.84pt>
File: Blender_editeur_de_scenes/blender_export_scene_SOFA_03.png Graphic file (
type png)
 <use Blender_editeur_de_scenes/blender_export_scene_SOFA_03.png>
<Blender_editeur_de_scenes/blender_export_scene_SOFA_04.png, id=145, 369.38pt x
 188.705pt>
File: Blender_editeur_de_scenes/blender_export_scene_SOFA_04.png Graphic file (
type png)
 <use Blender_editeur_de_scenes/blender_export_scene_SOFA_04.png>
[6 <Blender_editeur_de_scenes/blender_export_scene_SOFA_01.png (PNG copy)> <Ble
nder_editeur_de_scenes/blender_export_scene_SOFA_02.png (PNG copy)> <Blender_ed
iteur_de_scenes/blender_export_scene_SOFA_03.png (PNG copy)> <Blender_editeur_d
e_scenes/blender_export_scene_SOFA_04.png (PNG copy)>]
("C:\Program Files\MiKTeX 2.7\tex\latex\listings\lstlang1.sty"
File: lstlang1.sty 2004/09/05 1.3 listings language file
)
<Blender_editeur_de_scenes/blender_export_scene_SOFA_05.png, id=166, 1284.8pt x
 1027.84pt>
File: Blender_editeur_de_scenes/blender_export_scene_SOFA_05.png Graphic file (
type png)
 <use Blender_editeur_de_scenes/blender_export_scene_SOFA_05.png>
<Blender_editeur_de_scenes/blender_export_scene_SOFA_06.png, id=168, 1284.8pt x
 1027.84pt>
File: Blender_editeur_de_scenes/blender_export_scene_SOFA_06.png Graphic file (
type png)
 <use Blender_editeur_de_scenes/blender_export_scene_SOFA_06.png>
<Blender_editeur_de_scenes/blender_export_scene_SOFA_07.png, id=169, 401.5pt x 
200.75pt>
File: Blender_editeur_de_scenes/blender_export_scene_SOFA_07.png Graphic file (
type png)
 <use Blender_editeur_de_scenes/blender_export_scene_SOFA_07.png>
<Blender_editeur_de_scenes/blender_export_scene_SOFA_08.png, id=170, 1086.0575p
t x 920.43875pt>
File: Blender_editeur_de_scenes/blender_export_scene_SOFA_08.png Graphic file (
type png)

<use Blender_editeur_de_scenes/blender_export_scene_SOFA_08.png>
<Blender_editeur_de_scenes/blender_export_scene_SOFA_09.png, id=171, 1284.8pt x
 1027.84pt>
File: Blender_editeur_de_scenes/blender_export_scene_SOFA_09.png Graphic file (
type png)
 <use Blender_editeur_de_scenes/blender_export_scene_SOFA_09.png>
[7 <Blender_editeur_de_scenes/blender_export_scene_SOFA_05.png (PNG copy)> <Ble
nder_editeur_de_scenes/blender_export_scene_SOFA_06.png (PNG copy)> <Blender_ed
iteur_de_scenes/blender_export_scene_SOFA_07.png (PNG copy)>]
<Blender_editeur_de_scenes/blender_export_scene_SOFA_10.png, id=191, 401.5pt x 
200.75pt>
File: Blender_editeur_de_scenes/blender_export_scene_SOFA_10.png Graphic file (
type png)
 <use Blender_editeur_de_scenes/blender_export_scene_SOFA_10.png>
<Blender_editeur_de_scenes/blender_export_scene_SOFA_11.png, id=192, 1086.0575p
t x 920.43875pt>
File: Blender_editeur_de_scenes/blender_export_scene_SOFA_11.png Graphic file (
type png)

<use Blender_editeur_de_scenes/blender_export_scene_SOFA_11.png>
<Blender_editeur_de_scenes/blender_export_scene_SOFA_12.png, id=193, 1086.0575p
t x 920.43875pt>
File: Blender_editeur_de_scenes/blender_export_scene_SOFA_12.png Graphic file (
type png)

<use Blender_editeur_de_scenes/blender_export_scene_SOFA_12.png> [8 <Blender_ed
iteur_de_scenes/blender_export_scene_SOFA_08.png (PNG copy)> <Blender_editeur_d
e_scenes/blender_export_scene_SOFA_09.png (PNG copy)> <Blender_editeur_de_scene
s/blender_export_scene_SOFA_10.png (PNG copy)> <Blender_editeur_de_scenes/blend
er_export_scene_SOFA_11.png (PNG copy)> <Blender_editeur_de_scenes/blender_expo
rt_scene_SOFA_12.png (PNG copy)>] AED: lastpage setting LastPage [9] (main.aux)
 ) 
Here is how much of TeX's memory you used:
 9767 strings out of 95337
 130357 string characters out of 1184077
 274085 words of memory out of 1500000
 12693 multiletter control sequences out of 110000
 29820 words of font info for 69 fonts, out of 1200000 for 2000
 14 hyphenation exceptions out of 8191
 36i,12n,58p,496b,1409s stack positions out of 5000i,500n,10000p,200000b,5000s
{C:/Program Files/MiKTeX 2.7/fonts/enc/dvips/8r.enc}<C:/Program Files/MiKTeX 
2.7/fonts/type1/bluesky/cm/cmmi10.pfb><C:/Program Files/MiKTeX 2.7/fonts/type1/
bluesky/cm/cmsy10.pfb><C:/Program Files/MiKTeX 2.7/fonts/type1/bluesky/cm/cmtt1
0.pfb><C:/Program Files/MiKTeX 2.7/fonts/type1/bluesky/latex-fonts/lcircle1.pfb
><C:/Program Files/MiKTeX 2.7/fonts/type1/urw/helvetic/uhvb8a.pfb><C:/Program F
iles/MiKTeX 2.7/fonts/type1/urw/helvetic/uhvr8a.pfb><C:/Program Files/MiKTeX 2.
7/fonts/type1/urw/helvetic/uhvro8a.pfb>
Output written on main.pdf (9 pages, 3801396 bytes).
PDF statistics:
 248 PDF objects out of 1000 (max. 8388607)
 69 named destinations out of 1000 (max. 131072)
 211 words of extra memory for PDF output out of 10000 (max. 10000000)

