
--- NEW SESSION: 16/06/2017 15:30:52 ---
/pythonScriptController1.variables = dqsda 

--- NEW SESSION: 16/06/2017 15:34:38 ---
/pythonScriptController1.autoreload = 1

--- NEW SESSION: 17/06/2017 07:53:21 ---
/test2.num = 5

--- NEW SESSION: 17/06/2017 07:54:48 ---
/test2.num = 4

--- NEW SESSION: 17/06/2017 08:16:44 ---
/test2.num = 2

--- NEW SESSION: 17/06/2017 15:41:33 ---
/test2.num = 3

--- NEW SESSION: 17/06/2017 15:47:07 ---
/test2.num = 4

--- NEW SESSION: 17/06/2017 15:48:00 ---
/test2.num = 3

--- NEW SESSION: 17/06/2017 15:49:24 ---
/test2.num = 5

--- NEW SESSION: 26/06/2017 23:23:44 ---
/test2.num = 3

--- NEW SESSION: 26/06/2017 23:38:29 ---
/test2.num = 3
/test2.num = 2

--- NEW SESSION: 26/06/2017 23:55:34 ---
/test2.num = 2

--- NEW SESSION: 27/06/2017 12:56:33 ---
/test2Instance.num = 4

--- NEW SESSION: 03/07/2017 15:43:33 ---
/test2.instancePath = /test2Instance2

--- NEW SESSION: 03/07/2017 17:25:21 ---
/test2.num = 6

--- NEW SESSION: 03/07/2017 17:26:10 ---
/test2Instance.num = 5

--- NEW SESSION: 03/07/2017 17:26:56 ---
/test2Instance.num = 5

--- NEW SESSION: 03/07/2017 17:27:33 ---
/test2.num = 4

--- NEW SESSION: 03/07/2017 17:30:24 ---
/test2Instance/test2.num = 4

--- NEW SESSION: 04/07/2017 10:08:30 ---
/test2Instance/test2.num = 5
/test2Instance/test2.num = 9

--- NEW SESSION: 04/07/2017 10:18:29 ---
/test2Instance/test2.num = 7

--- NEW SESSION: 04/07/2017 10:25:01 ---
/test2Instance/test2.num = 5

--- NEW SESSION: 04/07/2017 10:33:18 ---
/test2Instance/test2.num = 6

--- NEW SESSION: 04/07/2017 10:36:05 ---
/test2Instance/test2.num = 5

--- NEW SESSION: 04/07/2017 10:42:45 ---
/test2Instance/test2.num = 5

--- NEW SESSION: 04/07/2017 10:51:49 ---
/test2Instance/test2.num = 6

--- NEW SESSION: 04/07/2017 13:26:52 ---
/test2Instance/test2.num = 5

--- NEW SESSION: 04/07/2017 13:51:22 ---
/test2Instance/test2.num = 7

--- NEW SESSION: 04/07/2017 14:19:52 ---
/test2Instance/test2.num = 2

--- NEW SESSION: 04/07/2017 14:21:27 ---
/test2Instance/test2.num = 4

--- NEW SESSION: 04/07/2017 14:46:46 ---
/test2Instance/test2.numChild = 2
/test2Instance/test2.numObject = 2
/test2Instance/test2.numObject = 1

--- NEW SESSION: 04/07/2017 15:44:59 ---
/test2Instance/test2.numChild = 3
/test2Instance/test2.numObject = 4

--- NEW SESSION: 04/07/2017 15:48:36 ---
/test2Instance/test2.numChild = 4
/test2Instance/test2.numObject = 3

--- NEW SESSION: 04/07/2017 15:49:13 ---
/test2Instance/test2.numChild = 2
/test2Instance/test2.numObject = 1
/test2Instance/test2.listening = 0
/test2Instance/test2.numObject = 3

--- NEW SESSION: 04/07/2017 17:00:28 ---
/test2Instance/test2.numChild = 2
/test2Instance/test2.numObject = 2
